use login url  https://view.online/c/demo-institution/demo-department/directory/login
Start demos
init attempt= 0
run init link
after run init link
init failed: Message: no such element: Unable to locate element: {"method":"css selector","selector":"[id="display-username"]"}
  (Session info: chrome=136.0.7103.48); For documentation on this error, please visit: https://www.selenium.dev/documentation/webdriver/troubleshooting/errors#no-such-element-exception
Stacktrace:
	GetHandleVerifier [0x00007FF79639A145+76773]
	GetHandleVerifier [0x00007FF79639A1A0+76864]
	(No symbol) [0x00007FF796158F7A]
	(No symbol) [0x00007FF7961AF496]
	(No symbol) [0x00007FF7961AF74C]
	(No symbol) [0x00007FF796202287]
	(No symbol) [0x00007FF7961D739F]
	(No symbol) [0x00007FF7961FF0CF]
	(No symbol) [0x00007FF7961D7133]
	(No symbol) [0x00007FF7961A04D1]
	(No symbol) [0x00007FF7961A1263]
	GetHandleVerifier [0x00007FF79665A8ED+2962317]
	GetHandleVerifier [0x00007FF796654EC2+2939234]
	GetHandleVerifier [0x00007FF796672FF3+3062419]
	GetHandleVerifier [0x00007FF7963B4B9A+185914]
	GetHandleVerifier [0x00007FF7963BC78F+217647]
	GetHandleVerifier [0x00007FF7963A2A44+111844]
	GetHandleVerifier [0x00007FF7963A2BF2+112274]
	GetHandleVerifier [0x00007FF796388A79+5401]
	BaseThreadInitThunk [0x00007FFD6773E8D7+23]
	RtlUserThreadStart [0x00007FFD695514FC+44]

init attempt= 1
run init link
after run init link
init failed: Message: no such element: Unable to locate element: {"method":"css selector","selector":"[id="display-username"]"}
  (Session info: chrome=136.0.7103.48); For documentation on this error, please visit: https://www.selenium.dev/documentation/webdriver/troubleshooting/errors#no-such-element-exception
Stacktrace:
	GetHandleVerifier [0x00007FF79639A145+76773]
	GetHandleVerifier [0x00007FF79639A1A0+76864]
	(No symbol) [0x00007FF796158F7A]
	(No symbol) [0x00007FF7961AF496]
	(No symbol) [0x00007FF7961AF74C]
	(No symbol) [0x00007FF796202287]
	(No symbol) [0x00007FF7961D739F]
	(No symbol) [0x00007FF7961FF0CF]
	(No symbol) [0x00007FF7961D7133]
	(No symbol) [0x00007FF7961A04D1]
	(No symbol) [0x00007FF7961A1263]
	GetHandleVerifier [0x00007FF79665A8ED+2962317]
	GetHandleVerifier [0x00007FF796654EC2+2939234]
	GetHandleVerifier [0x00007FF796672FF3+3062419]
	GetHandleVerifier [0x00007FF7963B4B9A+185914]
	GetHandleVerifier [0x00007FF7963BC78F+217647]
	GetHandleVerifier [0x00007FF7963A2A44+111844]
	GetHandleVerifier [0x00007FF7963A2BF2+112274]
	GetHandleVerifier [0x00007FF796388A79+5401]
	BaseThreadInitThunk [0x00007FFD6773E8D7+23]
	RtlUserThreadStart [0x00007FFD695514FC+44]

init attempt= 2
run init link
after run init link
init failed: Message: no such element: Unable to locate element: {"method":"css selector","selector":"[id="display-username"]"}
  (Session info: chrome=136.0.7103.48); For documentation on this error, please visit: https://www.selenium.dev/documentation/webdriver/troubleshooting/errors#no-such-element-exception
Stacktrace:
	GetHandleVerifier [0x00007FF79639A145+76773]
	GetHandleVerifier [0x00007FF79639A1A0+76864]
	(No symbol) [0x00007FF796158F7A]
	(No symbol) [0x00007FF7961AF496]
	(No symbol) [0x00007FF7961AF74C]
	(No symbol) [0x00007FF796202287]
	(No symbol) [0x00007FF7961D739F]
	(No symbol) [0x00007FF7961FF0CF]
	(No symbol) [0x00007FF7961D7133]
	(No symbol) [0x00007FF7961A04D1]
	(No symbol) [0x00007FF7961A1263]
	GetHandleVerifier [0x00007FF79665A8ED+2962317]
	GetHandleVerifier [0x00007FF796654EC2+2939234]
	GetHandleVerifier [0x00007FF796672FF3+3062419]
	GetHandleVerifier [0x00007FF7963B4B9A+185914]
	GetHandleVerifier [0x00007FF7963BC78F+217647]
	GetHandleVerifier [0x00007FF7963A2A44+111844]
	GetHandleVerifier [0x00007FF7963A2BF2+112274]
	GetHandleVerifier [0x00007FF796388A79+5401]
	BaseThreadInitThunk [0x00007FFD6773E8D7+23]
	RtlUserThreadStart [0x00007FFD695514FC+44]

users attempt= 0
Create user: John Doe
create_user: before click button
User created: John Doe
Create user: Albert Einstein
create_user: before click button
User created: Albert Einstein
Create user: Ernest Rutherford
create_user: before click button
User created: Ernest Rutherford
users done!
vacreq attempt= 0
Adding approver administrator
Button Add Approver(s) clicked after waiting!
Adding submitter: John Doe
An error occurred in add_user_to_group submitter: Message: 
Stacktrace:
	GetHandleVerifier [0x00007FF79639A145+76773]
	GetHandleVerifier [0x00007FF79639A1A0+76864]
	(No symbol) [0x00007FF796158F7A]
	(No symbol) [0x00007FF7961AF496]
	(No symbol) [0x00007FF7961AF74C]
	(No symbol) [0x00007FF796202287]
	(No symbol) [0x00007FF7961D739F]
	(No symbol) [0x00007FF7961FF0CF]
	(No symbol) [0x00007FF7961D7133]
	(No symbol) [0x00007FF7961A04D1]
	(No symbol) [0x00007FF7961A1263]
	GetHandleVerifier [0x00007FF79665A8ED+2962317]
	GetHandleVerifier [0x00007FF796654EC2+2939234]
	GetHandleVerifier [0x00007FF796672FF3+3062419]
	GetHandleVerifier [0x00007FF7963B4B9A+185914]
	GetHandleVerifier [0x00007FF7963BC78F+217647]
	GetHandleVerifier [0x00007FF7963A2A44+111844]
	GetHandleVerifier [0x00007FF7963A2BF2+112274]
	GetHandleVerifier [0x00007FF796388A79+5401]
	BaseThreadInitThunk [0x00007FFD6773E8D7+23]
	RtlUserThreadStart [0x00007FFD695514FC+44]

EOF add_user_to_group
vacreq done!
All demos done!
