[2017-08-23 14:31:33] assetic.ERROR: The template "OlegOrderformBundle:DataReview:index-order.html.twig" contains an error: Unexpected "render" tag (expecting closing tag for the "if" tag defined near line 30) in "OlegOrderformBundle:DataReview:index-order.html.twig" at line 31. [] []
[2017-08-23 14:31:37] assetic.ERROR: The template "OlegOrderformBundle:MultiScanOrder:newsingle.html.twig" contains an error: Unknown "form_enctype" function in "OlegOrderformBundle:MultiScanOrder:newsingle.html.twig" at line 70. [] []
[2017-08-23 14:31:37] assetic.ERROR: The template "OlegOrderformBundle:MultiScanOrder:newtable.html.twig" contains an error: Unknown "form_enctype" function in "OlegOrderformBundle:MultiScanOrder:newtable.html.twig" at line 152. [] []
[2017-08-23 14:31:38] assetic.ERROR: The template "OlegOrderformBundle:SlideReturnRequest:create-table.html.twig" contains an error: Unknown "form_enctype" function in "OlegOrderformBundle:SlideReturnRequest:create-table.html.twig" at line 152. [] []
[2017-08-23 14:38:47] assetic.ERROR: The template "OlegOrderformBundle:DataReview:index-order.html.twig" contains an error: Unexpected "render" tag (expecting closing tag for the "if" tag defined near line 30) in "OlegOrderformBundle:DataReview:index-order.html.twig" at line 31. [] []
[2017-08-23 14:38:50] assetic.ERROR: The template "OlegOrderformBundle:MultiScanOrder:newsingle.html.twig" contains an error: Unknown "form_enctype" function in "OlegOrderformBundle:MultiScanOrder:newsingle.html.twig" at line 70. [] []
[2017-08-23 14:38:50] assetic.ERROR: The template "OlegOrderformBundle:MultiScanOrder:newtable.html.twig" contains an error: Unknown "form_enctype" function in "OlegOrderformBundle:MultiScanOrder:newtable.html.twig" at line 152. [] []
[2017-08-23 14:38:50] assetic.ERROR: The template "OlegOrderformBundle:SlideReturnRequest:create-table.html.twig" contains an error: Unknown "form_enctype" function in "OlegOrderformBundle:SlideReturnRequest:create-table.html.twig" at line 152. [] []
[2017-08-23 14:42:22] assetic.ERROR: The template "OlegOrderformBundle:DataReview:index-order.html.twig" contains an error: Unexpected "render" tag (expecting closing tag for the "if" tag defined near line 30) in "OlegOrderformBundle:DataReview:index-order.html.twig" at line 31. [] []
[2017-08-23 14:42:26] assetic.ERROR: The template "OlegOrderformBundle:MultiScanOrder:newsingle.html.twig" contains an error: Unknown "form_enctype" function in "OlegOrderformBundle:MultiScanOrder:newsingle.html.twig" at line 70. [] []
[2017-08-23 14:42:26] assetic.ERROR: The template "OlegOrderformBundle:MultiScanOrder:newtable.html.twig" contains an error: Unknown "form_enctype" function in "OlegOrderformBundle:MultiScanOrder:newtable.html.twig" at line 152. [] []
[2017-08-23 14:42:27] assetic.ERROR: The template "OlegOrderformBundle:SlideReturnRequest:create-table.html.twig" contains an error: Unknown "form_enctype" function in "OlegOrderformBundle:SlideReturnRequest:create-table.html.twig" at line 152. [] []
[2017-08-23 14:45:35] assetic.ERROR: The template "OlegOrderformBundle:DataReview:index-order.html.twig" contains an error: Unexpected "render" tag (expecting closing tag for the "if" tag defined near line 30) in "OlegOrderformBundle:DataReview:index-order.html.twig" at line 31. [] []
[2017-08-23 14:45:37] assetic.ERROR: The template "OlegOrderformBundle:MultiScanOrder:newsingle.html.twig" contains an error: Unknown "form_enctype" function in "OlegOrderformBundle:MultiScanOrder:newsingle.html.twig" at line 70. [] []
[2017-08-23 14:45:37] assetic.ERROR: The template "OlegOrderformBundle:MultiScanOrder:newtable.html.twig" contains an error: Unknown "form_enctype" function in "OlegOrderformBundle:MultiScanOrder:newtable.html.twig" at line 152. [] []
[2017-08-23 14:45:37] assetic.ERROR: The template "OlegOrderformBundle:SlideReturnRequest:create-table.html.twig" contains an error: Unknown "form_enctype" function in "OlegOrderformBundle:SlideReturnRequest:create-table.html.twig" at line 152. [] []
[2017-08-23 14:48:17] request.CRITICAL: Uncaught PHP Exception Symfony\Component\Debug\Exception\ClassNotFoundException: "Attempted to load interface "SimpleFormAuthenticatorInterface" from namespace "Symfony\Component\Security\Core\Authentication". Did you forget a "use" statement for "Symfony\Component\Security\Http\Authentication\SimpleFormAuthenticatorInterface"?" at C:\Users\ch3\Documents\MyDocs\WCMC\ORDER\scanorder\Scanorders2\src\Oleg\UserdirectoryBundle\Security\Authentication\CustomAuthenticator.php line 38 {"exception":"[object] (Symfony\\Component\\Debug\\Exception\\ClassNotFoundException(code: 0): Attempted to load interface \"SimpleFormAuthenticatorInterface\" from namespace \"Symfony\\Component\\Security\\Core\\Authentication\".\nDid you forget a \"use\" statement for \"Symfony\\Component\\Security\\Http\\Authentication\\SimpleFormAuthenticatorInterface\"? at C:\\Users\\ch3\\Documents\\MyDocs\\WCMC\\ORDER\\scanorder\\Scanorders2\\src\\Oleg\\UserdirectoryBundle\\Security\\Authentication\\CustomAuthenticator.php:38)"} []
[2017-08-23 14:48:54] assetic.ERROR: The template "OlegOrderformBundle:DataReview:index-order.html.twig" contains an error: Unexpected "render" tag (expecting closing tag for the "if" tag defined near line 30) in "OlegOrderformBundle:DataReview:index-order.html.twig" at line 31. [] []
[2017-08-23 14:48:57] assetic.ERROR: The template "OlegOrderformBundle:MultiScanOrder:newsingle.html.twig" contains an error: Unknown "form_enctype" function in "OlegOrderformBundle:MultiScanOrder:newsingle.html.twig" at line 70. [] []
[2017-08-23 14:48:57] assetic.ERROR: The template "OlegOrderformBundle:MultiScanOrder:newtable.html.twig" contains an error: Unknown "form_enctype" function in "OlegOrderformBundle:MultiScanOrder:newtable.html.twig" at line 152. [] []
[2017-08-23 14:48:57] assetic.ERROR: The template "OlegOrderformBundle:SlideReturnRequest:create-table.html.twig" contains an error: Unknown "form_enctype" function in "OlegOrderformBundle:SlideReturnRequest:create-table.html.twig" at line 152. [] []
[2017-08-23 14:50:58] assetic.ERROR: The template "OlegOrderformBundle:DataReview:index-order.html.twig" contains an error: Unexpected "render" tag (expecting closing tag for the "if" tag defined near line 30) in "OlegOrderformBundle:DataReview:index-order.html.twig" at line 31. [] []
[2017-08-23 14:51:00] assetic.ERROR: The template "OlegOrderformBundle:MultiScanOrder:newsingle.html.twig" contains an error: Unknown "form_enctype" function in "OlegOrderformBundle:MultiScanOrder:newsingle.html.twig" at line 70. [] []
[2017-08-23 14:51:00] assetic.ERROR: The template "OlegOrderformBundle:MultiScanOrder:newtable.html.twig" contains an error: Unknown "form_enctype" function in "OlegOrderformBundle:MultiScanOrder:newtable.html.twig" at line 152. [] []
[2017-08-23 14:51:01] assetic.ERROR: The template "OlegOrderformBundle:SlideReturnRequest:create-table.html.twig" contains an error: Unknown "form_enctype" function in "OlegOrderformBundle:SlideReturnRequest:create-table.html.twig" at line 152. [] []
[2017-08-23 14:52:03] assetic.ERROR: The template "OlegOrderformBundle:DataReview:index-order.html.twig" contains an error: Unexpected "render" tag (expecting closing tag for the "if" tag defined near line 30) in "OlegOrderformBundle:DataReview:index-order.html.twig" at line 31. [] []
[2017-08-23 14:52:06] assetic.ERROR: The template "OlegOrderformBundle:MultiScanOrder:newsingle.html.twig" contains an error: Unknown "form_enctype" function in "OlegOrderformBundle:MultiScanOrder:newsingle.html.twig" at line 70. [] []
[2017-08-23 14:52:06] assetic.ERROR: The template "OlegOrderformBundle:MultiScanOrder:newtable.html.twig" contains an error: Unknown "form_enctype" function in "OlegOrderformBundle:MultiScanOrder:newtable.html.twig" at line 152. [] []
[2017-08-23 14:52:06] assetic.ERROR: The template "OlegOrderformBundle:SlideReturnRequest:create-table.html.twig" contains an error: Unknown "form_enctype" function in "OlegOrderformBundle:SlideReturnRequest:create-table.html.twig" at line 152. [] []
[2017-08-23 14:52:22] console.ERROR: Error thrown while running command "assetic:dump --env=prod --no-debug". Message: "The source file "C:\Users\ch3\Documents\MyDocs\WCMC\ORDER\scanorder\Scanorders2\app/../web/bundles/oleguserdirectory/select2/select2.css" does not exist." {"error":"[object] (RuntimeException(code: 0): The source file \"C:\\Users\\ch3\\Documents\\MyDocs\\WCMC\\ORDER\\scanorder\\Scanorders2\\app/../web/bundles/oleguserdirectory/select2/select2.css\" does not exist. at C:\\Users\\ch3\\Documents\\MyDocs\\WCMC\\ORDER\\scanorder\\Scanorders2\\vendor\\kriswallsmith\\assetic\\src\\Assetic\\Asset\\FileAsset.php:62)","command":"assetic:dump --env=prod --no-debug","message":"The source file \"C:\\Users\\ch3\\Documents\\MyDocs\\WCMC\\ORDER\\scanorder\\Scanorders2\\app/../web/bundles/oleguserdirectory/select2/select2.css\" does not exist."} []
[2017-08-23 14:52:22] console.ERROR: Command "assetic:dump --env=prod --no-debug" exited with code "1" {"command":"assetic:dump --env=prod --no-debug","code":1} []
[2017-08-23 14:52:40] request.CRITICAL: Uncaught PHP Exception Symfony\Component\Debug\Exception\ClassNotFoundException: "Attempted to load interface "SimpleFormAuthenticatorInterface" from namespace "Symfony\Component\Security\Core\Authentication". Did you forget a "use" statement for "Symfony\Component\Security\Http\Authentication\SimpleFormAuthenticatorInterface"?" at C:\Users\ch3\Documents\MyDocs\WCMC\ORDER\scanorder\Scanorders2\src\Oleg\UserdirectoryBundle\Security\Authentication\CustomAuthenticator.php line 38 {"exception":"[object] (Symfony\\Component\\Debug\\Exception\\ClassNotFoundException(code: 0): Attempted to load interface \"SimpleFormAuthenticatorInterface\" from namespace \"Symfony\\Component\\Security\\Core\\Authentication\".\nDid you forget a \"use\" statement for \"Symfony\\Component\\Security\\Http\\Authentication\\SimpleFormAuthenticatorInterface\"? at C:\\Users\\ch3\\Documents\\MyDocs\\WCMC\\ORDER\\scanorder\\Scanorders2\\src\\Oleg\\UserdirectoryBundle\\Security\\Authentication\\CustomAuthenticator.php:38)"} []
[2017-08-23 14:57:32] assetic.ERROR: The template "OlegOrderformBundle:DataReview:index-order.html.twig" contains an error: Unexpected "render" tag (expecting closing tag for the "if" tag defined near line 30) in "OlegOrderformBundle:DataReview:index-order.html.twig" at line 31. [] []
[2017-08-23 14:57:35] assetic.ERROR: The template "OlegOrderformBundle:MultiScanOrder:newsingle.html.twig" contains an error: Unknown "form_enctype" function in "OlegOrderformBundle:MultiScanOrder:newsingle.html.twig" at line 70. [] []
[2017-08-23 14:57:35] assetic.ERROR: The template "OlegOrderformBundle:MultiScanOrder:newtable.html.twig" contains an error: Unknown "form_enctype" function in "OlegOrderformBundle:MultiScanOrder:newtable.html.twig" at line 152. [] []
[2017-08-23 14:57:35] assetic.ERROR: The template "OlegOrderformBundle:SlideReturnRequest:create-table.html.twig" contains an error: Unknown "form_enctype" function in "OlegOrderformBundle:SlideReturnRequest:create-table.html.twig" at line 152. [] []
[2017-08-23 14:59:25] request.CRITICAL: Uncaught PHP Exception Symfony\Component\Debug\Exception\ClassNotFoundException: "Attempted to load interface "SimpleFormAuthenticatorInterface" from namespace "Symfony\Component\Security\Core\Authentication". Did you forget a "use" statement for "Symfony\Component\Security\Http\Authentication\SimpleFormAuthenticatorInterface"?" at C:\Users\ch3\Documents\MyDocs\WCMC\ORDER\scanorder\Scanorders2\src\Oleg\UserdirectoryBundle\Security\Authentication\CustomAuthenticator.php line 38 {"exception":"[object] (Symfony\\Component\\Debug\\Exception\\ClassNotFoundException(code: 0): Attempted to load interface \"SimpleFormAuthenticatorInterface\" from namespace \"Symfony\\Component\\Security\\Core\\Authentication\".\nDid you forget a \"use\" statement for \"Symfony\\Component\\Security\\Http\\Authentication\\SimpleFormAuthenticatorInterface\"? at C:\\Users\\ch3\\Documents\\MyDocs\\WCMC\\ORDER\\scanorder\\Scanorders2\\src\\Oleg\\UserdirectoryBundle\\Security\\Authentication\\CustomAuthenticator.php:38)"} []
[2017-08-23 15:08:05] request.CRITICAL: Uncaught PHP Exception Symfony\Component\Debug\Exception\UndefinedMethodException: "Attempted to call an undefined method named "setLocked" of class "Oleg\UserdirectoryBundle\Entity\User"." at C:\Users\ch3\Documents\MyDocs\WCMC\ORDER\scanorder\Scanorders2\src\Oleg\UserdirectoryBundle\Entity\User.php line 302 {"exception":"[object] (Symfony\\Component\\Debug\\Exception\\UndefinedMethodException(code: 0): Attempted to call an undefined method named \"setLocked\" of class \"Oleg\\UserdirectoryBundle\\Entity\\User\". at C:\\Users\\ch3\\Documents\\MyDocs\\WCMC\\ORDER\\scanorder\\Scanorders2\\src\\Oleg\\UserdirectoryBundle\\Entity\\User.php:302)"} []
[2017-08-23 15:18:10] request.CRITICAL: Uncaught PHP Exception RuntimeException: "No encoder has been configured for account "Oleg\UserdirectoryBundle\Entity\User"." at C:\Users\ch3\Documents\MyDocs\WCMC\ORDER\scanorder\Scanorders2\vendor\symfony\symfony\src\Symfony\Component\Security\Core\Encoder\EncoderFactory.php line 51 {"exception":"[object] (RuntimeException(code: 0): No encoder has been configured for account \"Oleg\\UserdirectoryBundle\\Entity\\User\". at C:\\Users\\ch3\\Documents\\MyDocs\\WCMC\\ORDER\\scanorder\\Scanorders2\\vendor\\symfony\\symfony\\src\\Symfony\\Component\\Security\\Core\\Encoder\\EncoderFactory.php:51)"} []
[2017-08-23 15:18:18] request.CRITICAL: Uncaught PHP Exception RuntimeException: "No encoder has been configured for account "Oleg\UserdirectoryBundle\Entity\User"." at C:\Users\ch3\Documents\MyDocs\WCMC\ORDER\scanorder\Scanorders2\vendor\symfony\symfony\src\Symfony\Component\Security\Core\Encoder\EncoderFactory.php line 51 {"exception":"[object] (RuntimeException(code: 0): No encoder has been configured for account \"Oleg\\UserdirectoryBundle\\Entity\\User\". at C:\\Users\\ch3\\Documents\\MyDocs\\WCMC\\ORDER\\scanorder\\Scanorders2\\vendor\\symfony\\symfony\\src\\Symfony\\Component\\Security\\Core\\Encoder\\EncoderFactory.php:51)"} []
[2017-08-23 15:24:20] request.CRITICAL: Uncaught PHP Exception RuntimeException: "No encoder has been configured for account "Oleg\UserdirectoryBundle\Entity\User"." at C:\Users\ch3\Documents\MyDocs\WCMC\ORDER\scanorder\Scanorders2\vendor\symfony\symfony\src\Symfony\Component\Security\Core\Encoder\EncoderFactory.php line 51 {"exception":"[object] (RuntimeException(code: 0): No encoder has been configured for account \"Oleg\\UserdirectoryBundle\\Entity\\User\". at C:\\Users\\ch3\\Documents\\MyDocs\\WCMC\\ORDER\\scanorder\\Scanorders2\\vendor\\symfony\\symfony\\src\\Symfony\\Component\\Security\\Core\\Encoder\\EncoderFactory.php:51)"} []
[2017-08-23 15:26:04] request.CRITICAL: Uncaught PHP Exception RuntimeException: "No encoder has been configured for account "Oleg\UserdirectoryBundle\Entity\User"." at C:\Users\ch3\Documents\MyDocs\WCMC\ORDER\scanorder\Scanorders2\vendor\symfony\symfony\src\Symfony\Component\Security\Core\Encoder\EncoderFactory.php line 51 {"exception":"[object] (RuntimeException(code: 0): No encoder has been configured for account \"Oleg\\UserdirectoryBundle\\Entity\\User\". at C:\\Users\\ch3\\Documents\\MyDocs\\WCMC\\ORDER\\scanorder\\Scanorders2\\vendor\\symfony\\symfony\\src\\Symfony\\Component\\Security\\Core\\Encoder\\EncoderFactory.php:51)"} []
[2017-08-23 15:26:20] request.CRITICAL: Uncaught PHP Exception RuntimeException: "No encoder has been configured for account "Oleg\UserdirectoryBundle\Entity\User"." at C:\Users\ch3\Documents\MyDocs\WCMC\ORDER\scanorder\Scanorders2\vendor\symfony\symfony\src\Symfony\Component\Security\Core\Encoder\EncoderFactory.php line 51 {"exception":"[object] (RuntimeException(code: 0): No encoder has been configured for account \"Oleg\\UserdirectoryBundle\\Entity\\User\". at C:\\Users\\ch3\\Documents\\MyDocs\\WCMC\\ORDER\\scanorder\\Scanorders2\\vendor\\symfony\\symfony\\src\\Symfony\\Component\\Security\\Core\\Encoder\\EncoderFactory.php:51)"} []
[2017-08-23 15:26:42] request.CRITICAL: Uncaught PHP Exception RuntimeException: "No encoder has been configured for account "Oleg\UserdirectoryBundle\Entity\User"." at C:\Users\ch3\Documents\MyDocs\WCMC\ORDER\scanorder\Scanorders2\vendor\symfony\symfony\src\Symfony\Component\Security\Core\Encoder\EncoderFactory.php line 51 {"exception":"[object] (RuntimeException(code: 0): No encoder has been configured for account \"Oleg\\UserdirectoryBundle\\Entity\\User\". at C:\\Users\\ch3\\Documents\\MyDocs\\WCMC\\ORDER\\scanorder\\Scanorders2\\vendor\\symfony\\symfony\\src\\Symfony\\Component\\Security\\Core\\Encoder\\EncoderFactory.php:51)"} []
[2017-08-23 15:27:47] request.CRITICAL: Uncaught PHP Exception RuntimeException: "No encoder has been configured for account "Oleg\UserdirectoryBundle\Entity\User"." at C:\Users\ch3\Documents\MyDocs\WCMC\ORDER\scanorder\Scanorders2\vendor\symfony\symfony\src\Symfony\Component\Security\Core\Encoder\EncoderFactory.php line 51 {"exception":"[object] (RuntimeException(code: 0): No encoder has been configured for account \"Oleg\\UserdirectoryBundle\\Entity\\User\". at C:\\Users\\ch3\\Documents\\MyDocs\\WCMC\\ORDER\\scanorder\\Scanorders2\\vendor\\symfony\\symfony\\src\\Symfony\\Component\\Security\\Core\\Encoder\\EncoderFactory.php:51)"} []
[2017-08-23 15:27:53] request.CRITICAL: Uncaught PHP Exception RuntimeException: "No encoder has been configured for account "Oleg\UserdirectoryBundle\Entity\User"." at C:\Users\ch3\Documents\MyDocs\WCMC\ORDER\scanorder\Scanorders2\vendor\symfony\symfony\src\Symfony\Component\Security\Core\Encoder\EncoderFactory.php line 51 {"exception":"[object] (RuntimeException(code: 0): No encoder has been configured for account \"Oleg\\UserdirectoryBundle\\Entity\\User\". at C:\\Users\\ch3\\Documents\\MyDocs\\WCMC\\ORDER\\scanorder\\Scanorders2\\vendor\\symfony\\symfony\\src\\Symfony\\Component\\Security\\Core\\Encoder\\EncoderFactory.php:51)"} []
[2017-08-23 15:30:56] assetic.ERROR: The template "OlegOrderformBundle:DataReview:index-order.html.twig" contains an error: Unexpected "render" tag (expecting closing tag for the "if" tag defined near line 30) in "OlegOrderformBundle:DataReview:index-order.html.twig" at line 31. [] []
[2017-08-23 15:31:00] assetic.ERROR: The template "OlegOrderformBundle:MultiScanOrder:newsingle.html.twig" contains an error: Unknown "form_enctype" function in "OlegOrderformBundle:MultiScanOrder:newsingle.html.twig" at line 70. [] []
[2017-08-23 15:31:00] assetic.ERROR: The template "OlegOrderformBundle:MultiScanOrder:newtable.html.twig" contains an error: Unknown "form_enctype" function in "OlegOrderformBundle:MultiScanOrder:newtable.html.twig" at line 152. [] []
[2017-08-23 15:31:01] assetic.ERROR: The template "OlegOrderformBundle:SlideReturnRequest:create-table.html.twig" contains an error: Unknown "form_enctype" function in "OlegOrderformBundle:SlideReturnRequest:create-table.html.twig" at line 152. [] []
[2017-08-23 15:31:26] app.NOTICE: Aperio Authentication: the usertype local-user can not be authenticated by aperio [] []
[2017-08-23 15:31:26] app.NOTICE: LDAP Authentication: the usertype local-user can not be authenticated by wcmc-cwid [] []
[2017-08-23 15:31:26] app.WARNING: No user found with identifierUsername=oli2002 [] []
[2017-08-23 15:31:31] app.NOTICE: Aperio Authentication: the usertype local-user can not be authenticated by aperio [] []
[2017-08-23 15:31:31] app.NOTICE: LDAP Authentication: the usertype local-user can not be authenticated by wcmc-cwid [] []
[2017-08-23 15:31:31] app.WARNING: No user found with identifierUsername=oli2002 [] []
[2017-08-23 15:33:08] app.NOTICE: Aperio Authentication: the usertype local-user can not be authenticated by aperio [] []
[2017-08-23 15:33:08] app.NOTICE: LDAP Authentication: the usertype local-user can not be authenticated by wcmc-cwid [] []
[2017-08-23 15:33:08] app.WARNING: No user found with identifierUsername=oli2002 [] []
[2017-08-23 15:33:50] app.NOTICE: Aperio Authentication: the usertype local-user can not be authenticated by aperio [] []
[2017-08-23 15:33:50] app.NOTICE: LDAP Authentication: the usertype local-user can not be authenticated by wcmc-cwid [] []
[2017-08-23 15:33:50] app.WARNING: No user found with identifierUsername=oli2002 [] []
[2017-08-23 15:33:59] app.NOTICE: Aperio Authentication: the usertype local-user can not be authenticated by aperio [] []
[2017-08-23 15:33:59] app.NOTICE: LDAP Authentication: the usertype local-user can not be authenticated by wcmc-cwid [] []
[2017-08-23 15:33:59] app.WARNING: No user found with identifierUsername=oli2002 [] []
[2017-08-23 15:34:02] app.NOTICE: Aperio Authentication: the usertype local-user can not be authenticated by aperio [] []
[2017-08-23 15:34:02] app.NOTICE: LDAP Authentication: the usertype local-user can not be authenticated by wcmc-cwid [] []
[2017-08-23 15:34:02] app.WARNING: No user found with identifierUsername=oli2002 [] []
[2017-08-23 15:34:33] app.NOTICE: Aperio Authentication: the usertype local-user can not be authenticated by aperio [] []
[2017-08-23 15:34:33] app.NOTICE: LDAP Authentication: the usertype local-user can not be authenticated by wcmc-cwid [] []
[2017-08-23 15:34:33] app.WARNING: No user found with identifierUsername=oli2002 [] []
[2017-08-23 15:35:53] app.NOTICE: Aperio Authentication: the usertype local-user can not be authenticated by aperio [] []
[2017-08-23 15:35:53] app.NOTICE: LDAP Authentication: the usertype local-user can not be authenticated by wcmc-cwid [] []
[2017-08-23 15:35:53] app.WARNING: No user found with identifierUsername=oli2002 [] []
[2017-08-23 15:39:09] app.NOTICE: Aperio Authentication: the usertype local-user can not be authenticated by aperio [] []
[2017-08-23 15:39:09] app.NOTICE: LDAP Authentication: the usertype local-user can not be authenticated by wcmc-cwid [] []
[2017-08-23 15:39:09] app.WARNING: No user found with identifierUsername=oli2002 [] []
[2017-08-23 15:42:27] app.NOTICE: Aperio Authentication: the usertype local-user can not be authenticated by aperio [] []
[2017-08-23 15:42:27] app.NOTICE: LDAP Authentication: the usertype local-user can not be authenticated by wcmc-cwid [] []
[2017-08-23 15:42:27] app.WARNING: No user found with identifierUsername=oli2002 [] []
[2017-08-23 15:42:32] app.NOTICE: Aperio Authentication: the usertype local-user can not be authenticated by aperio [] []
[2017-08-23 15:42:32] app.NOTICE: LDAP Authentication: the usertype local-user can not be authenticated by wcmc-cwid [] []
[2017-08-23 15:42:32] app.WARNING: No user found with identifierUsername=oli2002 [] []
[2017-08-23 15:43:58] request.CRITICAL: Uncaught PHP Exception Symfony\Component\OptionsResolver\Exception\UndefinedOptionsException: "The option "max_length" does not exist. Defined options are: "action", "allow_extra_fields", "attr", "auto_initialize", "block_name", "by_reference", "compound", "constraints", "csrf_field_name", "csrf_message", "csrf_protection", "csrf_token_id", "csrf_token_manager", "data", "data_class", "disabled", "empty_data", "error_bubbling", "error_mapping", "extra_fields_message", "inherit_data", "invalid_message", "invalid_message_parameters", "label", "label_attr", "label_format", "mapped", "method", "post_max_size_message", "property_path", "required", "translation_domain", "trim", "upload_max_size_message", "validation_groups"." at C:\Users\ch3\Documents\MyDocs\WCMC\ORDER\scanorder\Scanorders2\vendor\symfony\symfony\src\Symfony\Component\OptionsResolver\OptionsResolver.php line 685 {"exception":"[object] (Symfony\\Component\\OptionsResolver\\Exception\\UndefinedOptionsException(code: 0): The option \"max_length\" does not exist. Defined options are: \"action\", \"allow_extra_fields\", \"attr\", \"auto_initialize\", \"block_name\", \"by_reference\", \"compound\", \"constraints\", \"csrf_field_name\", \"csrf_message\", \"csrf_protection\", \"csrf_token_id\", \"csrf_token_manager\", \"data\", \"data_class\", \"disabled\", \"empty_data\", \"error_bubbling\", \"error_mapping\", \"extra_fields_message\", \"inherit_data\", \"invalid_message\", \"invalid_message_parameters\", \"label\", \"label_attr\", \"label_format\", \"mapped\", \"method\", \"post_max_size_message\", \"property_path\", \"required\", \"translation_domain\", \"trim\", \"upload_max_size_message\", \"validation_groups\". at C:\\Users\\ch3\\Documents\\MyDocs\\WCMC\\ORDER\\scanorder\\Scanorders2\\vendor\\symfony\\symfony\\src\\Symfony\\Component\\OptionsResolver\\OptionsResolver.php:685)"} []
